<?xml version="1.0" encoding="UTF-8"?>
<testng-results skipped="0" failed="0" ignored="0" total="2" passed="2">
  <reporter-output>
  </reporter-output>
  <suite name="Default suite" duration-ms="25855" started-at="2021-01-08T12:48:25Z" finished-at="2021-01-08T12:48:51Z">
    <groups>
    </groups>
    <test name="Default test" duration-ms="25855" started-at="2021-01-08T12:48:25Z" finished-at="2021-01-08T12:48:51Z">
      <class name="com.draganddrop.DragandDropTest">
        <test-method status="PASS" signature="test1()[pri:0, instance:com.draganddrop.DragandDropTest@d8355a8]" name="test1" is-config="true" duration-ms="13554" started-at="2021-01-08T12:48:25Z" finished-at="2021-01-08T12:48:38Z">
          <reporter-output>
          </reporter-output>
        </test-method> <!-- test1 -->
        <test-method status="PASS" signature="test2()[pri:0, instance:com.draganddrop.DragandDropTest@d8355a8]" name="test2" duration-ms="2875" started-at="2021-01-08T12:48:38Z" finished-at="2021-01-08T12:48:41Z">
          <reporter-output>
          </reporter-output>
        </test-method> <!-- test2 -->
        <test-method status="PASS" signature="test3()[pri:0, instance:com.draganddrop.DragandDropTest@d8355a8]" name="test3" duration-ms="6337" started-at="2021-01-08T12:48:41Z" finished-at="2021-01-08T12:48:48Z">
          <reporter-output>
          </reporter-output>
        </test-method> <!-- test3 -->
        <test-method status="PASS" signature="driverclose()[pri:0, instance:com.draganddrop.DragandDropTest@d8355a8]" name="driverclose" is-config="true" duration-ms="3049" started-at="2021-01-08T12:48:48Z" finished-at="2021-01-08T12:48:51Z">
          <reporter-output>
          </reporter-output>
        </test-method> <!-- driverclose -->
      </class> <!-- com.draganddrop.DragandDropTest -->
    </test> <!-- Default test -->
  </suite> <!-- Default suite -->
</testng-results>
